[2026-05-03 19:46:23] SYNC check: limit=2000, max_chars=900, overlap=150
[2026-05-03 19:46:23] SYNC decision: no rebuild required
[2026-05-03 19:47:04] SYNC check: limit=5000, max_chars=900, overlap=150
[2026-05-03 19:47:04] SYNC decision: full build required
[2026-05-03 19:47:04] BUILD started: limit=5000, max_chars=900, overlap=150
[2026-05-03 19:48:14] BUILD completed
[2026-05-10 19:30:06] BUILD started: limit=2000, max_chars=900, overlap=150
[2026-05-10 19:30:54] BUILD completed
[2026-05-16 18:36:46] BUILD started: limit=1000, max_chars=900, overlap=150
[2026-05-16 18:37:26] BUILD completed
[2026-05-16 18:40:14] BUILD started: limit=2000, max_chars=900, overlap=150
[2026-05-16 18:41:00] BUILD completed
[2026-05-16 18:43:16] BUILD started: limit=2000, max_chars=900, overlap=150
[2026-05-16 18:44:02] BUILD completed
[2026-05-16 19:14:57] BUILD started: limit=5000, max_chars=900, overlap=150
[2026-05-16 19:16:08] BUILD completed
[2026-05-16 20:07:47] REINDEX started: M=8, ef_construction=200, ef_search=20
[2026-05-16 20:07:48] REINDEX completed
[2026-05-16 20:13:10] REINDEX started: M=16, ef_construction=200, ef_search=50
[2026-05-16 20:13:12] REINDEX completed
[2026-05-16 20:18:05] REINDEX started: M=32, ef_construction=200, ef_search=100
[2026-05-16 20:18:06] REINDEX completed
[2026-06-20 10:39:37] BUILD started: limit=2000, max_chars=900, overlap=150
[2026-06-20 10:40:26] BUILD completed
